<?xml version="1.0" encoding="UTF-8"?>
<!-- Generated by org.testng.reporters.JUnitReportReporter -->
<testsuite hostname="Vatsal" name="gefp.model.dao.UserDaoTest" tests="2" failures="0" timestamp="12 Mar 2015 19:26:43 GMT" time="0.576" errors="0">
  <testcase name="getUser2" time="0.015" classname="gefp.model.dao.UserDaoTest"/>
  <testcase name="getUser1" time="0.561" classname="gefp.model.dao.UserDaoTest"/>
</testsuite> <!-- gefp.model.dao.UserDaoTest -->
