<?xml version="1.0" encoding="UTF-8"?>
<!-- Generated by org.testng.reporters.JUnitReportReporter -->
<testsuite hostname="Vatsal" name="gefp.model.dao.PlanDaoTest" tests="1" failures="0" timestamp="12 Mar 2015 19:26:43 GMT" time="0.062" errors="0">
  <testcase name="getPlan1Test" time="0.062" classname="gefp.model.dao.PlanDaoTest"/>
</testsuite> <!-- gefp.model.dao.PlanDaoTest -->
