<?xml version="1.0" encoding="UTF-8"?>
<!-- Generated by org.testng.reporters.JUnitReportReporter -->
<testsuite hostname="Vatsal" name="gefp.model.dao.UserDaoTest" tests="2" failures="0" timestamp="30 Jan 2015 05:14:27 GMT" time="0.904" errors="0">
  <testcase name="getUser2" time="0.352" classname="gefp.model.dao.UserDaoTest"/>
  <testcase name="getUser1" time="0.552" classname="gefp.model.dao.UserDaoTest"/>
</testsuite> <!-- gefp.model.dao.UserDaoTest -->
