<?xml version="1.0" encoding="UTF-8"?>
<!-- Generated by org.testng.reporters.JUnitReportReporter -->
<testsuite hostname="Vatsal" name="gefp.model.dao.PlanDaoTest" tests="2" failures="0" timestamp="7 Feb 2015 02:25:05 GMT" time="0.172" errors="0">
  <testcase name="getPlan1Test" time="0.156" classname="gefp.model.dao.PlanDaoTest"/>
  <testcase name="getPlan2Test" time="0.016" classname="gefp.model.dao.PlanDaoTest"/>
</testsuite> <!-- gefp.model.dao.PlanDaoTest -->
